SF:lib/app/app.dart
DA:13,0
DA:16,0
DA:18,0
DA:19,0
DA:20,0
DA:21,0
DA:24,0
DA:34,0
DA:36,0
DA:37,0
LF:10
LH:0
end_of_record
SF:lib/app/features/auth/ui/bloc/auth_state.dart
DA:12,0
DA:20,0
DA:21,0
DA:22,0
DA:23,0
DA:24,0
DA:25,0
DA:30,0
DA:31,0
LF:9
LH:0
end_of_record
SF:lib/app/features/auth/ui/bloc/auth_bloc.dart
DA:16,0
DA:17,0
DA:18,0
DA:19,0
DA:20,0
DA:21,0
DA:22,0
DA:25,0
DA:26,0
DA:28,0
DA:30,0
DA:32,0
DA:36,0
DA:40,0
DA:41,0
DA:42,0
DA:44,0
DA:48,0
DA:49,0
DA:52,0
DA:54,0
DA:55,0
DA:57,0
DA:61,0
DA:62,0
DA:65,0
DA:66,0
DA:67,0
DA:69,0
DA:73,0
DA:74,0
DA:75,0
DA:79,0
DA:80,0
DA:82,0
DA:83,0
DA:85,0
DA:89,0
DA:91,0
DA:93,0
DA:94,0
DA:95,0
DA:97,0
DA:98,0
DA:100,0
DA:103,0
DA:108,0
DA:111,0
DA:114,0
DA:115,0
LF:50
LH:0
end_of_record
SF:lib/app/features/auth/ui/bloc/auth_event.dart
DA:4,0
DA:6,0
DA:7,0
DA:15,0
DA:17,0
DA:18,0
DA:28,0
DA:30,0
DA:31,0
LF:9
LH:0
end_of_record
SF:lib/app/routes/routes.dart
DA:9,0
DA:12,0
DA:13,0
DA:16,0
DA:19,0
DA:20,0
DA:22,0
DA:23,0
DA:25,0
DA:26,0
DA:27,0
DA:28,0
DA:29,0
DA:30,0
DA:33,0
DA:34,0
DA:35,0
DA:37,0
DA:46,0
LF:19
LH:0
end_of_record
SF:lib/app/routes/routes_name.dart
DA:2,0
LF:1
LH:0
end_of_record
SF:lib/app/theme/app_theme.dart
DA:7,0
DA:8,0
DA:9,0
DA:11,0
DA:12,0
DA:13,0
LF:6
LH:0
end_of_record
SF:lib/app/dependency_injection.dart
DA:23,0
DA:25,0
DA:27,0
DA:28,0
DA:31,0
DA:32,0
DA:35,0
DA:36,0
DA:37,0
DA:38,0
DA:39,0
DA:43,0
DA:44,0
DA:45,0
DA:46,0
DA:47,0
DA:51,0
DA:52,0
DA:53,0
DA:54,0
DA:55,0
DA:59,0
DA:60,0
DA:61,0
DA:62,0
DA:63,0
DA:66,0
DA:67,0
DA:68,0
DA:69,0
DA:70,0
LF:31
LH:0
end_of_record
SF:lib/app/database/app_database.g.dart
DA:11,0
DA:27,0
DA:28,0
DA:29,0
DA:30,0
DA:31,0
DA:34,0
DA:37,0
DA:38,0
DA:39,0
DA:40,0
DA:42,0
DA:43,0
DA:44,0
DA:46,0
DA:48,0
DA:49,0
DA:50,0
DA:52,0
DA:57,0
DA:58,0
DA:59,0
DA:61,0
DA:62,0
DA:63,0
DA:64,0
DA:65,0
DA:66,0
DA:67,0
DA:68,0
DA:72,0
DA:74,0
DA:82,0
DA:83,0
DA:85,0
DA:86,0
DA:87,0
DA:88,0
DA:92,0
DA:93,0
DA:94,0
DA:95,0
DA:96,0
DA:100,0
DA:102,0
DA:103,0
DA:104,0
DA:105,0
DA:106,0
DA:109,0
DA:111,0
DA:112,0
DA:113,0
DA:114,0
DA:115,0
DA:119,0
DA:120,0
DA:121,0
DA:122,0
DA:124,0
DA:125,0
DA:126,0
DA:127,0
DA:128,0
DA:132,0
DA:134,0
DA:135,0
DA:136,0
DA:137,0
DA:138,0
DA:139,0
DA:142,0
DA:143,0
DA:144,0
DA:147,0
DA:148,0
DA:149,0
DA:150,0
DA:157,0
DA:162,0
DA:166,0
DA:167,0
DA:168,0
DA:173,0
DA:174,0
DA:175,0
DA:176,0
DA:180,0
DA:182,0
DA:183,0
DA:184,0
DA:185,0
DA:189,0
DA:191,0
DA:192,0
DA:193,0
DA:195,0
DA:196,0
DA:198,0
DA:199,0
DA:204,0
DA:206,0
DA:207,0
DA:208,0
DA:209,0
DA:210,0
DA:211,0
DA:219,0
DA:235,0
DA:236,0
DA:237,0
DA:238,0
DA:239,0
DA:242,0
DA:245,0
DA:246,0
DA:247,0
DA:248,0
DA:250,0
DA:251,0
DA:252,0
DA:254,0
DA:256,0
DA:257,0
DA:258,0
DA:260,0
DA:265,0
DA:266,0
DA:267,0
DA:269,0
DA:270,0
DA:271,0
DA:272,0
DA:273,0
DA:274,0
DA:275,0
DA:276,0
DA:280,0
DA:282,0
DA:290,0
DA:291,0
DA:293,0
DA:294,0
DA:295,0
DA:296,0
DA:300,0
DA:301,0
DA:302,0
DA:303,0
DA:304,0
DA:308,0
DA:310,0
DA:311,0
DA:312,0
DA:313,0
DA:314,0
DA:317,0
DA:319,0
DA:320,0
DA:321,0
DA:322,0
DA:323,0
DA:327,0
DA:328,0
DA:329,0
DA:330,0
DA:332,0
DA:333,0
DA:334,0
DA:335,0
DA:336,0
DA:340,0
DA:342,0
DA:343,0
DA:344,0
DA:345,0
DA:346,0
DA:347,0
DA:350,0
DA:351,0
DA:352,0
DA:355,0
DA:356,0
DA:357,0
DA:358,0
DA:365,0
DA:370,0
DA:374,0
DA:375,0
DA:376,0
DA:381,0
DA:382,0
DA:383,0
DA:384,0
DA:388,0
DA:390,0
DA:391,0
DA:392,0
DA:393,0
DA:397,0
DA:399,0
DA:400,0
DA:401,0
DA:403,0
DA:404,0
DA:406,0
DA:407,0
DA:412,0
DA:414,0
DA:415,0
DA:416,0
DA:417,0
DA:418,0
DA:419,0
DA:427,0
DA:511,0
DA:512,0
DA:513,0
DA:514,0
DA:515,0
DA:516,0
DA:517,0
DA:518,0
DA:519,0
DA:520,0
DA:521,0
DA:522,0
DA:523,0
DA:524,0
DA:526,0
DA:527,0
DA:528,0
DA:531,0
DA:534,0
DA:535,0
DA:536,0
DA:537,0
DA:539,0
DA:540,0
DA:541,0
DA:543,0
DA:545,0
DA:546,0
DA:547,0
DA:549,0
DA:551,0
DA:552,0
DA:553,0
DA:555,0
DA:556,0
DA:558,0
DA:559,0
DA:561,0
DA:562,0
DA:564,0
DA:565,0
DA:567,0
DA:569,0
DA:570,0
DA:571,0
DA:573,0
DA:575,0
DA:576,0
DA:577,0
DA:579,0
DA:580,0
DA:581,0
DA:583,0
DA:584,0
DA:586,0
DA:587,0
DA:589,0
DA:591,0
DA:592,0
DA:593,0
DA:595,0
DA:597,0
DA:598,0
DA:599,0
DA:601,0
DA:606,0
DA:607,0
DA:608,0
DA:610,0
DA:611,0
DA:612,0
DA:613,0
DA:614,0
DA:615,0
DA:616,0
DA:617,0
DA:618,0
DA:619,0
DA:620,0
DA:621,0
DA:622,0
DA:623,0
DA:624,0
DA:625,0
DA:626,0
DA:627,0
DA:628,0
DA:629,0
DA:630,0
DA:631,0
DA:632,0
DA:633,0
DA:634,0
DA:635,0
DA:639,0
DA:641,0
DA:658,0
DA:671,0
DA:673,0
DA:674,0
DA:675,0
DA:676,0
DA:677,0
DA:678,0
DA:679,0
DA:680,0
DA:681,0
DA:682,0
DA:683,0
DA:684,0
DA:685,0
DA:689,0
DA:690,0
DA:691,0
DA:692,0
DA:693,0
DA:694,0
DA:695,0
DA:696,0
DA:697,0
DA:698,0
DA:699,0
DA:700,0
DA:701,0
DA:702,0
DA:706,0
DA:708,0
DA:709,0
DA:710,0
DA:711,0
DA:712,0
DA:713,0
DA:714,0
DA:715,0
DA:716,0
DA:717,0
DA:718,0
DA:719,0
DA:720,0
DA:721,0
DA:724,0
DA:726,0
DA:727,0
DA:728,0
DA:729,0
DA:730,0
DA:731,0
DA:732,0
DA:733,0
DA:734,0
DA:735,0
DA:736,0
DA:737,0
DA:738,0
DA:739,0
DA:743,0
DA:756,0
DA:757,0
DA:758,0
DA:759,0
DA:760,0
DA:761,0
DA:762,0
DA:763,0
DA:764,0
DA:765,0
DA:766,0
DA:767,0
DA:768,0
DA:770,0
DA:771,0
DA:772,0
DA:773,0
DA:774,0
DA:775,0
DA:776,0
DA:777,0
DA:778,0
DA:779,0
DA:780,0
DA:781,0
DA:782,0
DA:783,0
DA:784,0
DA:786,0
DA:787,0
DA:788,0
DA:792,0
DA:794,0
DA:795,0
DA:796,0
DA:797,0
DA:798,0
DA:799,0
DA:800,0
DA:801,0
DA:802,0
DA:803,0
DA:804,0
DA:805,0
DA:806,0
DA:807,0
DA:808,0
DA:811,0
DA:812,0
DA:813,0
DA:814,0
DA:817,0
DA:818,0
DA:819,0
DA:820,0
DA:821,0
DA:822,0
DA:823,0
DA:824,0
DA:825,0
DA:826,0
DA:827,0
DA:828,0
DA:829,0
DA:845,0
DA:859,0
DA:872,0
DA:873,0
DA:874,0
DA:875,0
DA:876,0
DA:877,0
DA:878,0
DA:879,0
DA:893,0
DA:894,0
DA:895,0
DA:896,0
DA:897,0
DA:898,0
DA:899,0
DA:900,0
DA:901,0
DA:902,0
DA:903,0
DA:904,0
DA:905,0
DA:909,0
DA:922,0
DA:923,0
DA:924,0
DA:925,0
DA:926,0
DA:927,0
DA:928,0
DA:929,0
DA:930,0
DA:931,0
DA:932,0
DA:933,0
DA:934,0
DA:938,0
DA:940,0
DA:941,0
DA:942,0
DA:944,0
DA:945,0
DA:947,0
DA:948,0
DA:950,0
DA:951,0
DA:953,0
DA:954,0
DA:956,0
DA:957,0
DA:959,0
DA:960,0
DA:962,0
DA:963,0
DA:965,0
DA:966,0
DA:968,0
DA:969,0
DA:971,0
DA:972,0
DA:974,0
DA:975,0
DA:980,0
DA:982,0
DA:983,0
DA:984,0
DA:985,0
DA:986,0
DA:987,0
DA:988,0
DA:989,0
DA:990,0
DA:991,0
DA:992,0
DA:993,0
DA:994,0
DA:995,0
DA:996,0
DA:1005,0
DA:1053,0
DA:1055,0
DA:1056,0
DA:1057,0
DA:1058,0
DA:1061,0
DA:1064,0
DA:1065,0
DA:1066,0
DA:1067,0
DA:1069,0
DA:1070,0
DA:1071,0
DA:1073,0
DA:1075,0
DA:1076,0
DA:1077,0
DA:1079,0
DA:1080,0
DA:1082,0
DA:1084,0
DA:1085,0
DA:1089,0
DA:1090,0
DA:1091,0
DA:1093,0
DA:1094,0
DA:1095,0
DA:1096,0
DA:1097,0
DA:1098,0
DA:1099,0
DA:1100,0
DA:1101,0
DA:1102,0
DA:1103,0
DA:1104,0
DA:1105,0
DA:1106,0
DA:1107,0
DA:1108,0
DA:1109,0
DA:1113,0
DA:1115,0
DA:1118,0
DA:1120,0
DA:1122,0
DA:1133,0
DA:1140,0
DA:1142,0
DA:1143,0
DA:1144,0
DA:1146,0
DA:1147,0
DA:1149,0
DA:1151,0
DA:1152,0
DA:1155,0
DA:1156,0
DA:1161,0
DA:1162,0
DA:1163,0
DA:1164,0
DA:1165,0
DA:1166,0
DA:1167,0
DA:1168,0
DA:1172,0
DA:1174,0
DA:1175,0
DA:1176,0
DA:1177,0
DA:1178,0
DA:1179,0
DA:1180,0
DA:1181,0
DA:1184,0
DA:1186,0
DA:1187,0
DA:1188,0
DA:1189,0
DA:1190,0
DA:1191,0
DA:1192,0
DA:1193,0
DA:1197,0
DA:1204,0
DA:1205,0
DA:1206,0
DA:1207,0
DA:1208,0
DA:1209,0
DA:1210,0
DA:1212,0
DA:1213,0
DA:1214,0
DA:1215,0
DA:1216,0
DA:1217,0
DA:1218,0
DA:1219,0
DA:1220,0
DA:1221,0
DA:1225,0
DA:1227,0
DA:1228,0
DA:1229,0
DA:1230,0
DA:1231,0
DA:1232,0
DA:1233,0
DA:1234,0
DA:1235,0
DA:1238,0
DA:1239,0
DA:1240,0
DA:1241,0
DA:1244,0
DA:1245,0
DA:1246,0
DA:1247,0
DA:1248,0
DA:1249,0
DA:1250,0
DA:1260,0
DA:1268,0
DA:1275,0
DA:1276,0
DA:1277,0
DA:1278,0
DA:1279,0
DA:1280,0
DA:1288,0
DA:1289,0
DA:1290,0
DA:1291,0
DA:1292,0
DA:1293,0
DA:1294,0
DA:1298,0
DA:1305,0
DA:1306,0
DA:1307,0
DA:1308,0
DA:1309,0
DA:1310,0
DA:1311,0
DA:1315,0
DA:1317,0
DA:1318,0
DA:1319,0
DA:1321,0
DA:1322,0
DA:1324,0
DA:1325,0
DA:1326,0
DA:1328,0
DA:1329,0
DA:1331,0
DA:1332,0
DA:1333,0
DA:1335,0
DA:1336,0
DA:1337,0
DA:1342,0
DA:1344,0
DA:1345,0
DA:1346,0
DA:1347,0
DA:1348,0
DA:1349,0
DA:1350,0
DA:1351,0
DA:1352,0
DA:1360,0
DA:1400,0
DA:1402,0
DA:1403,0
DA:1404,0
DA:1405,0
DA:1408,0
DA:1411,0
DA:1412,0
DA:1413,0
DA:1414,0
DA:1416,0
DA:1417,0
DA:1418,0
DA:1420,0
DA:1422,0
DA:1423,0
DA:1424,0
DA:1426,0
DA:1428,0
DA:1429,0
DA:1430,0
DA:1432,0
DA:1434,0
DA:1435,0
DA:1437,0
DA:1438,0
DA:1440,0
DA:1442,0
DA:1443,0
DA:1444,0
DA:1446,0
DA:1451,0
DA:1452,0
DA:1453,0
DA:1455,0
DA:1456,0
DA:1457,0
DA:1458,0
DA:1459,0
DA:1460,0
DA:1461,0
DA:1462,0
DA:1463,0
DA:1464,0
DA:1465,0
DA:1466,0
DA:1467,0
DA:1468,0
DA:1472,0
DA:1474,0
DA:1485,0
DA:1492,0
DA:1494,0
DA:1495,0
DA:1496,0
DA:1497,0
DA:1498,0
DA:1499,0
DA:1500,0
DA:1504,0
DA:1505,0
DA:1506,0
DA:1507,0
DA:1508,0
DA:1509,0
DA:1510,0
DA:1511,0
DA:1515,0
DA:1517,0
DA:1518,0
DA:1519,0
DA:1520,0
DA:1521,0
DA:1522,0
DA:1523,0
DA:1524,0
DA:1527,0
DA:1529,0
DA:1530,0
DA:1531,0
DA:1532,0
DA:1533,0
DA:1534,0
DA:1535,0
DA:1536,0
DA:1540,0
DA:1547,0
DA:1548,0
DA:1549,0
DA:1550,0
DA:1551,0
DA:1552,0
DA:1553,0
DA:1555,0
DA:1556,0
DA:1557,0
DA:1558,0
DA:1559,0
DA:1560,0
DA:1561,0
DA:1562,0
DA:1563,0
DA:1564,0
DA:1568,0
DA:1570,0
DA:1571,0
DA:1572,0
DA:1573,0
DA:1574,0
DA:1575,0
DA:1576,0
DA:1577,0
DA:1578,0
DA:1581,0
DA:1583,0
DA:1584,0
DA:1587,0
DA:1588,0
DA:1589,0
DA:1590,0
DA:1591,0
DA:1592,0
DA:1593,0
DA:1603,0
DA:1611,0
DA:1618,0
DA:1619,0
DA:1620,0
DA:1621,0
DA:1622,0
DA:1623,0
DA:1631,0
DA:1632,0
DA:1633,0
DA:1634,0
DA:1635,0
DA:1636,0
DA:1637,0
DA:1641,0
DA:1648,0
DA:1649,0
DA:1650,0
DA:1651,0
DA:1652,0
DA:1653,0
DA:1654,0
DA:1658,0
DA:1660,0
DA:1661,0
DA:1662,0
DA:1664,0
DA:1665,0
DA:1667,0
DA:1668,0
DA:1670,0
DA:1671,0
DA:1673,0
DA:1674,0
DA:1676,0
DA:1677,0
DA:1682,0
DA:1684,0
DA:1685,0
DA:1686,0
DA:1687,0
DA:1688,0
DA:1689,0
DA:1690,0
DA:1691,0
DA:1692,0
DA:1700,0
DA:1754,0
DA:1756,0
DA:1757,0
DA:1758,0
DA:1759,0
DA:1762,0
DA:1765,0
DA:1766,0
DA:1767,0
DA:1768,0
DA:1770,0
DA:1771,0
DA:1772,0
DA:1774,0
DA:1776,0
DA:1777,0
DA:1778,0
DA:1780,0
DA:1781,0
DA:1782,0
DA:1784,0
DA:1785,0
DA:1786,0
DA:1788,0
DA:1789,0
DA:1790,0
DA:1792,0
DA:1793,0
DA:1794,0
DA:1799,0
DA:1800,0
DA:1801,0
DA:1803,0
DA:1804,0
DA:1805,0
DA:1806,0
DA:1807,0
DA:1808,0
DA:1809,0
DA:1810,0
DA:1811,0
DA:1812,0
DA:1813,0
DA:1814,0
DA:1815,0
DA:1816,0
DA:1817,0
DA:1818,0
DA:1822,0
DA:1824,0
DA:1836,0
DA:1844,0
DA:1846,0
DA:1847,0
DA:1848,0
DA:1849,0
DA:1850,0
DA:1851,0
DA:1852,0
DA:1853,0
DA:1857,0
DA:1858,0
DA:1859,0
DA:1860,0
DA:1861,0
DA:1862,0
DA:1863,0
DA:1864,0
DA:1865,0
DA:1869,0
DA:1871,0
DA:1872,0
DA:1873,0
DA:1874,0
DA:1875,0
DA:1876,0
DA:1877,0
DA:1878,0
DA:1879,0
DA:1882,0
DA:1884,0
DA:1885,0
DA:1886,0
DA:1887,0
DA:1888,0
DA:1889,0
DA:1890,0
DA:1891,0
DA:1892,0
DA:1896,0
DA:1904,0
DA:1905,0
DA:1906,0
DA:1907,0
DA:1908,0
DA:1909,0
DA:1910,0
DA:1911,0
DA:1913,0
DA:1914,0
DA:1915,0
DA:1916,0
DA:1917,0
DA:1918,0
DA:1919,0
DA:1920,0
DA:1921,0
DA:1925,0
DA:1927,0
DA:1928,0
DA:1929,0
DA:1930,0
DA:1931,0
DA:1932,0
DA:1933,0
DA:1934,0
DA:1935,0
DA:1936,0
DA:1939,0
DA:1940,0
DA:1941,0
DA:1942,0
DA:1945,0
DA:1946,0
DA:1947,0
DA:1948,0
DA:1949,0
DA:1950,0
DA:1951,0
DA:1952,0
DA:1963,0
DA:1972,0
DA:1980,0
DA:1981,0
DA:1990,0
DA:1991,0
DA:1992,0
DA:1993,0
DA:1994,0
DA:1995,0
DA:1996,0
DA:1997,0
DA:2001,0
DA:2009,0
DA:2010,0
DA:2011,0
DA:2012,0
DA:2013,0
DA:2014,0
DA:2015,0
DA:2016,0
DA:2020,0
DA:2022,0
DA:2023,0
DA:2024,0
DA:2026,0
DA:2027,0
DA:2029,0
DA:2030,0
DA:2032,0
DA:2033,0
DA:2035,0
DA:2036,0
DA:2038,0
DA:2039,0
DA:2041,0
DA:2042,0
DA:2047,0
DA:2049,0
DA:2050,0
DA:2051,0
DA:2052,0
DA:2053,0
DA:2054,0
DA:2055,0
DA:2056,0
DA:2057,0
DA:2058,0
DA:2067,0
DA:2082,0
DA:2083,0
DA:2084,0
DA:2085,0
DA:2086,0
DA:2089,0
DA:2092,0
DA:2093,0
DA:2094,0
DA:2095,0
DA:2096,0
DA:2098,0
DA:2099,0
DA:2100,0
DA:2105,0
DA:2106,0
DA:2107,0
DA:2109,0
DA:2110,0
DA:2111,0
DA:2112,0
DA:2113,0
DA:2114,0
DA:2118,0
DA:2120,0
DA:2127,0
DA:2128,0
DA:2130,0
DA:2131,0
DA:2132,0
DA:2136,0
DA:2137,0
DA:2138,0
DA:2139,0
DA:2143,0
DA:2145,0
DA:2146,0
DA:2147,0
DA:2148,0
DA:2151,0
DA:2153,0
DA:2154,0
DA:2155,0
DA:2156,0
DA:2160,0
DA:2161,0
DA:2162,0
DA:2164,0
DA:2165,0
DA:2166,0
DA:2167,0
DA:2171,0
DA:2173,0
DA:2174,0
DA:2175,0
DA:2176,0
DA:2177,0
DA:2180,0
DA:2181,0
DA:2182,0
DA:2185,0
DA:2186,0
DA:2187,0
DA:2193,0
DA:2197,0
DA:2201,0
DA:2205,0
DA:2206,0
DA:2207,0
DA:2211,0
DA:2213,0
DA:2214,0
DA:2215,0
DA:2219,0
DA:2221,0
DA:2222,0
DA:2223,0
DA:2225,0
DA:2226,0
DA:2231,0
DA:2233,0
DA:2234,0
DA:2235,0
DA:2236,0
DA:2237,0
DA:2242,0
DA:2243,0
DA:2259,0
DA:2261,0
DA:2262,0
DA:2263,0
DA:2264,0
DA:2265,0
DA:2266,0
DA:2267,0
DA:2268,0
DA:2269,0
DA:2270,0
DA:2271,0
DA:2272,0
DA:2273,0
DA:2274,0
DA:2291,0
DA:2293,0
DA:2295,0
DA:2297,0
DA:2299,0
DA:2300,0
DA:2301,0
DA:2303,0
DA:2304,0
DA:2305,0
DA:2311,0
DA:2318,0
DA:2319,0
DA:2321,0
DA:2322,0
DA:2324,0
DA:2325,0
DA:2327,0
DA:2329,0
DA:2331,0
DA:2332,0
DA:2333,0
DA:2334,0
DA:2337,0
DA:2338,0
DA:2339,0
DA:2345,0
DA:2351,0
DA:2358,0
DA:2359,0
DA:2361,0
DA:2362,0
DA:2364,0
DA:2365,0
DA:2370,0
DA:2377,0
DA:2378,0
DA:2380,0
DA:2381,0
DA:2383,0
DA:2384,0
DA:2386,0
DA:2388,0
DA:2390,0
DA:2391,0
DA:2392,0
DA:2393,0
DA:2396,0
DA:2397,0
DA:2398,0
DA:2404,0
DA:2420,0
DA:2421,0
DA:2424,0
DA:2425,0
DA:2426,0
DA:2427,0
DA:2428,0
DA:2429,0
DA:2430,0
DA:2435,0
DA:2440,0
DA:2445,0
DA:2450,0
DA:2451,0
DA:2452,0
DA:2453,0
DA:2455,0
DA:2456,0
DA:2457,0
DA:2459,0
DA:2461,0
DA:2462,0
DA:2464,0
DA:2467,0
DA:2468,0
DA:2469,0
DA:2470,0
DA:2472,0
DA:2473,0
DA:2507,0
DA:2509,0
DA:2511,0
DA:2512,0
DA:2514,0
DA:2515,0
DA:2516,0
DA:2518,0
DA:2519,0
DA:2520,0
DA:2526,0
DA:2533,0
DA:2534,0
DA:2536,0
DA:2537,0
DA:2539,0
DA:2540,0
DA:2542,0
DA:2544,0
DA:2546,0
DA:2547,0
DA:2548,0
DA:2549,0
DA:2552,0
DA:2553,0
DA:2554,0
DA:2560,0
DA:2566,0
DA:2573,0
DA:2574,0
DA:2576,0
DA:2577,0
DA:2579,0
DA:2580,0
DA:2585,0
DA:2592,0
DA:2593,0
DA:2595,0
DA:2596,0
DA:2598,0
DA:2599,0
DA:2601,0
DA:2603,0
DA:2605,0
DA:2606,0
DA:2607,0
DA:2608,0
DA:2611,0
DA:2612,0
DA:2613,0
DA:2619,0
DA:2635,0
DA:2636,0
DA:2639,0
DA:2640,0
DA:2641,0
DA:2642,0
DA:2643,0
DA:2644,0
DA:2645,0
DA:2650,0
DA:2655,0
DA:2660,0
DA:2665,0
DA:2666,0
DA:2667,0
DA:2668,0
DA:2669,0
DA:2670,0
DA:2672,0
DA:2674,0
DA:2675,0
DA:2677,0
DA:2680,0
DA:2681,0
DA:2682,0
DA:2683,0
DA:2685,0
DA:2737,0
DA:2739,0
DA:2740,0
DA:2741,0
DA:2743,0
DA:2744,0
DA:2745,0
DA:2746,0
DA:2748,0
DA:2749,0
DA:2752,0
DA:2753,0
DA:2755,0
DA:2756,0
DA:2757,0
DA:2758,0
DA:2760,0
DA:2761,0
DA:2764,0
DA:2766,0
DA:2767,0
DA:2768,0
DA:2770,0
DA:2771,0
DA:2772,0
DA:2774,0
DA:2775,0
DA:2776,0
DA:2779,0
DA:2781,0
DA:2783,0
DA:2785,0
DA:2786,0
DA:2787,0
DA:2789,0
DA:2790,0
DA:2791,0
DA:2794,0
DA:2796,0
DA:2797,0
DA:2799,0
DA:2800,0
DA:2801,0
DA:2803,0
DA:2804,0
DA:2805,0
DA:2811,0
DA:2818,0
DA:2819,0
DA:2821,0
DA:2822,0
DA:2824,0
DA:2825,0
DA:2827,0
DA:2828,0
DA:2830,0
DA:2831,0
DA:2833,0
DA:2834,0
DA:2835,0
DA:2837,0
DA:2838,0
DA:2840,0
DA:2841,0
DA:2843,0
DA:2844,0
DA:2846,0
DA:2847,0
DA:2849,0
DA:2850,0
DA:2852,0
DA:2853,0
DA:2854,0
DA:2855,0
DA:2858,0
DA:2859,0
DA:2860,0
DA:2869,0
DA:2870,0
DA:2872,0
DA:2873,0
DA:2874,0
DA:2875,0
DA:2878,0
DA:2879,0
DA:2880,0
DA:2889,0
DA:2891,0
DA:2893,0
DA:2894,0
DA:2895,0
DA:2896,0
DA:2899,0
DA:2900,0
DA:2901,0
DA:2907,0
DA:2910,0
DA:2912,0
DA:2914,0
DA:2915,0
DA:2916,0
DA:2917,0
DA:2920,0
DA:2921,0
DA:2922,0
DA:2928,0
DA:2931,0
DA:2933,0
DA:2935,0
DA:2936,0
DA:2937,0
DA:2938,0
DA:2941,0
DA:2942,0
DA:2943,0
DA:2949,0
DA:2955,0
DA:2962,0
DA:2963,0
DA:2965,0
DA:2966,0
DA:2968,0
DA:2969,0
DA:2971,0
DA:2972,0
DA:2974,0
DA:2975,0
DA:2976,0
DA:2978,0
DA:2979,0
DA:2980,0
DA:2982,0
DA:2983,0
DA:2985,0
DA:2986,0
DA:2988,0
DA:2989,0
DA:2991,0
DA:2992,0
DA:2994,0
DA:2995,0
DA:2997,0
DA:2998,0
DA:2999,0
DA:3000,0
DA:3003,0
DA:3004,0
DA:3005,0
DA:3014,0
DA:3015,0
DA:3017,0
DA:3018,0
DA:3019,0
DA:3020,0
DA:3023,0
DA:3024,0
DA:3025,0
DA:3037,0
DA:3044,0
DA:3045,0
DA:3047,0
DA:3048,0
DA:3050,0
DA:3051,0
DA:3053,0
DA:3054,0
DA:3056,0
DA:3057,0
DA:3059,0
DA:3060,0
DA:3062,0
DA:3063,0
DA:3065,0
DA:3066,0
DA:3068,0
DA:3069,0
DA:3071,0
DA:3072,0
DA:3074,0
DA:3075,0
DA:3077,0
DA:3078,0
DA:3079,0
DA:3080,0
DA:3083,0
DA:3084,0
DA:3085,0
DA:3094,0
DA:3095,0
DA:3097,0
DA:3098,0
DA:3099,0
DA:3100,0
DA:3103,0
DA:3104,0
DA:3105,0
DA:3114,0
DA:3116,0
DA:3118,0
DA:3119,0
DA:3120,0
DA:3121,0
DA:3124,0
DA:3125,0
DA:3126,0
DA:3132,0
DA:3135,0
DA:3137,0
DA:3139,0
DA:3140,0
DA:3141,0
DA:3142,0
DA:3145,0
DA:3146,0
DA:3147,0
DA:3153,0
DA:3156,0
DA:3158,0
DA:3160,0
DA:3161,0
DA:3162,0
DA:3163,0
DA:3166,0
DA:3167,0
DA:3168,0
DA:3174,0
DA:3195,0
DA:3196,0
DA:3199,0
DA:3200,0
DA:3201,0
DA:3202,0
DA:3203,0
DA:3204,0
DA:3205,0
DA:3219,0
DA:3233,0
DA:3247,0
DA:3261,0
DA:3262,0
DA:3263,0
DA:3264,0
DA:3265,0
DA:3271,0
DA:3273,0
DA:3274,0
DA:3275,0
DA:3276,0
DA:3290,0
DA:3292,0
DA:3294,0
DA:3296,0
DA:3298,0
DA:3302,0
DA:3304,0
DA:3306,0
DA:3308,0
DA:3314,0
DA:3315,0
DA:3317,0
DA:3320,0
DA:3321,0
DA:3322,0
DA:3323,0
DA:3325,0
DA:3326,0
DA:3329,0
DA:3332,0
DA:3333,0
DA:3334,0
DA:3335,0
DA:3337,0
DA:3338,0
DA:3341,0
DA:3344,0
DA:3345,0
DA:3346,0
DA:3348,0
DA:3349,0
DA:3396,0
DA:3399,0
DA:3400,0
DA:3401,0
DA:3403,0
DA:3404,0
DA:3405,0
DA:3406,0
DA:3408,0
DA:3409,0
DA:3415,0
DA:3422,0
DA:3423,0
DA:3425,0
DA:3426,0
DA:3427,0
DA:3428,0
DA:3430,0
DA:3431,0
DA:3432,0
DA:3434,0
DA:3435,0
DA:3436,0
DA:3437,0
DA:3439,0
DA:3440,0
DA:3441,0
DA:3442,0
DA:3444,0
DA:3445,0
DA:3447,0
DA:3448,0
DA:3449,0
DA:3450,0
DA:3453,0
DA:3454,0
DA:3455,0
DA:3467,0
DA:3474,0
DA:3475,0
DA:3477,0
DA:3478,0
DA:3480,0
DA:3481,0
DA:3482,0
DA:3484,0
DA:3485,0
DA:3487,0
DA:3488,0
DA:3490,0
DA:3491,0
DA:3493,0
DA:3494,0
DA:3495,0
DA:3496,0
DA:3499,0
DA:3500,0
DA:3501,0
DA:3513,0
DA:3520,0
DA:3521,0
DA:3523,0
DA:3524,0
DA:3526,0
DA:3527,0
DA:3529,0
DA:3530,0
DA:3532,0
DA:3533,0
DA:3535,0
DA:3536,0
DA:3538,0
DA:3539,0
DA:3540,0
DA:3541,0
DA:3544,0
DA:3545,0
DA:3546,0
DA:3568,0
DA:3570,0
DA:3573,0
DA:3574,0
DA:3575,0
DA:3576,0
DA:3577,0
DA:3578,0
DA:3579,0
DA:3587,0
DA:3595,0
DA:3603,0
DA:3611,0
DA:3612,0
DA:3613,0
DA:3614,0
DA:3616,0
DA:3617,0
DA:3618,0
DA:3620,0
DA:3633,0
DA:3635,0
DA:3637,0
DA:3639,0
DA:3641,0
DA:3647,0
DA:3648,0
DA:3686,0
DA:3688,0
DA:3689,0
DA:3691,0
DA:3692,0
DA:3693,0
DA:3694,0
DA:3696,0
DA:3697,0
DA:3703,0
DA:3710,0
DA:3711,0
DA:3713,0
DA:3714,0
DA:3716,0
DA:3717,0
DA:3719,0
DA:3720,0
DA:3721,0
DA:3723,0
DA:3724,0
DA:3726,0
DA:3727,0
DA:3729,0
DA:3730,0
DA:3731,0
DA:3732,0
DA:3735,0
DA:3736,0
DA:3737,0
DA:3749,0
DA:3756,0
DA:3757,0
DA:3759,0
DA:3760,0
DA:3762,0
DA:3763,0
DA:3765,0
DA:3766,0
DA:3767,0
DA:3769,0
DA:3770,0
DA:3772,0
DA:3773,0
DA:3775,0
DA:3776,0
DA:3777,0
DA:3778,0
DA:3781,0
DA:3782,0
DA:3783,0
DA:3795,0
DA:3802,0
DA:3803,0
DA:3805,0
DA:3806,0
DA:3808,0
DA:3809,0
DA:3811,0
DA:3812,0
DA:3814,0
DA:3815,0
DA:3817,0
DA:3818,0
DA:3820,0
DA:3821,0
DA:3822,0
DA:3823,0
DA:3826,0
DA:3827,0
DA:3828,0
DA:3850,0
DA:3851,0
DA:3854,0
DA:3855,0
DA:3856,0
DA:3857,0
DA:3858,0
DA:3859,0
DA:3860,0
DA:3868,0
DA:3876,0
DA:3884,0
DA:3892,0
DA:3893,0
DA:3894,0
DA:3895,0
DA:3896,0
DA:3897,0
DA:3899,0
DA:3912,0
DA:3914,0
DA:3916,0
DA:3918,0
DA:3920,0
DA:3926,0
DA:3927,0
DA:3967,0
DA:3969,0
DA:3970,0
DA:3972,0
DA:3973,0
DA:3974,0
DA:3975,0
DA:3977,0
DA:3978,0
DA:3983,0
DA:3990,0
DA:3991,0
DA:3993,0
DA:3994,0
DA:3996,0
DA:3997,0
DA:3999,0
DA:4000,0
DA:4002,0
DA:4003,0
DA:4005,0
DA:4006,0
DA:4008,0
DA:4009,0
DA:4011,0
DA:4012,0
DA:4013,0
DA:4014,0
DA:4017,0
DA:4018,0
DA:4019,0
DA:4031,0
DA:4038,0
DA:4039,0
DA:4041,0
DA:4042,0
DA:4044,0
DA:4045,0
DA:4047,0
DA:4048,0
DA:4050,0
DA:4051,0
DA:4053,0
DA:4054,0
DA:4056,0
DA:4057,0
DA:4059,0
DA:4060,0
DA:4061,0
DA:4062,0
DA:4065,0
DA:4066,0
DA:4067,0
DA:4079,0
DA:4086,0
DA:4087,0
DA:4089,0
DA:4090,0
DA:4092,0
DA:4093,0
DA:4095,0
DA:4096,0
DA:4098,0
DA:4099,0
DA:4101,0
DA:4102,0
DA:4104,0
DA:4105,0
DA:4107,0
DA:4108,0
DA:4109,0
DA:4110,0
DA:4113,0
DA:4114,0
DA:4115,0
DA:4137,0
DA:4138,0
DA:4141,0
DA:4142,0
DA:4143,0
DA:4144,0
DA:4145,0
DA:4146,0
DA:4147,0
DA:4156,0
DA:4165,0
DA:4174,0
DA:4183,0
DA:4184,0
DA:4185,0
DA:4186,0
DA:4187,0
DA:4188,0
DA:4190,0
DA:4203,0
DA:4205,0
DA:4207,0
DA:4208,0
DA:4210,0
DA:4216,0
DA:4217,0
DA:4247,0
DA:4254,0
DA:4255,0
DA:4257,0
DA:4258,0
DA:4263,0
DA:4270,0
DA:4271,0
DA:4273,0
DA:4274,0
DA:4279,0
DA:4286,0
DA:4287,0
DA:4289,0
DA:4290,0
DA:4305,0
DA:4306,0
DA:4309,0
DA:4310,0
DA:4311,0
DA:4312,0
DA:4313,0
DA:4314,0
DA:4315,0
DA:4319,0
DA:4323,0
DA:4327,0
DA:4331,0
DA:4332,0
DA:4333,0
DA:4353,0
DA:4354,0
DA:4355,0
DA:4356,0
DA:4357,0
DA:4358,0
DA:4359,0
DA:4360,0
DA:4361,0
DA:4362,0
DA:4363,0
DA:4364,0
DA:4365,0
DA:4366,0
DA:4367,0
LF:1927
LH:0
end_of_record
SF:lib/app/database/app_database.dart
DA:14,0
DA:16,0
DA:22,0
DA:23,0
DA:25,0
DA:26,0
DA:27,0
DA:30,0
LF:8
LH:0
end_of_record
SF:lib/app/utils/helper/string_list_convert.dart
DA:5,2
DA:7,0
DA:9,0
DA:12,0
DA:14,0
LF:5
LH:1
end_of_record
SF:lib/app/database/tables/category.dart
DA:4,0
DA:6,0
DA:8,0
DA:10,0
DA:11,0
LF:5
LH:0
end_of_record
SF:lib/app/database/tables/brand.dart
DA:4,0
DA:6,0
DA:8,0
DA:10,0
DA:11,0
LF:5
LH:0
end_of_record
SF:lib/app/database/tables/product.dart
DA:9,0
DA:11,0
DA:13,0
DA:15,0
DA:17,0
DA:19,0
DA:21,0
DA:23,0
DA:25,0
DA:27,0
DA:29,0
DA:31,0
DA:33,0
DA:34,0
LF:14
LH:0
end_of_record
SF:lib/app/database/tables/product_details.dart
DA:6,0
DA:8,0
DA:10,0
DA:12,0
DA:14,0
DA:16,0
LF:6
LH:0
end_of_record
SF:lib/app/database/tables/slider.dart
DA:7,0
DA:9,0
DA:11,0
DA:13,0
DA:15,0
DA:17,0
LF:6
LH:0
end_of_record
SF:lib/app/database/tables/cart.dart
DA:6,0
DA:8,0
DA:10,0
DA:12,0
DA:14,0
DA:16,0
DA:18,0
DA:20,0
DA:21,0
LF:9
LH:0
end_of_record
SF:lib/app/database/tables/favorite.dart
DA:4,0
DA:6,0
DA:8,0
DA:9,0
LF:4
LH:0
end_of_record
SF:lib/app/features/auth/data/repository/auth_api_repository.dart
DA:11,0
DA:13,0
DA:15,0
DA:18,0
DA:20,0
DA:21,0
DA:22,0
LF:7
LH:0
end_of_record
SF:lib/app/features/auth/service/auth_service.dart
DA:9,0
DA:11,0
DA:12,0
DA:15,0
DA:17,0
DA:18,0
DA:25,0
DA:27,0
DA:28,0
LF:9
LH:0
end_of_record
SF:lib/app/features/cart/data/repository/cart_api_repository.dart
DA:8,0
DA:10,0
DA:11,0
DA:13,0
DA:17,0
DA:18,0
DA:20,0
DA:21,0
DA:25,0
DA:27,0
DA:28,0
DA:29,0
LF:12
LH:0
end_of_record
SF:lib/app/features/cart/data/repository/cart_db_repository.dart
DA:9,0
DA:11,0
DA:12,0
DA:13,0
DA:16,0
DA:17,0
DA:18,0
DA:19,0
DA:23,0
DA:26,0
DA:28,0
DA:29,0
DA:30,0
DA:32,0
DA:36,0
DA:37,0
DA:40,0
DA:41,0
LF:18
LH:0
end_of_record
SF:lib/app/features/cart/service/cart_service.dart
DA:12,0
DA:14,0
DA:16,0
DA:17,0
DA:18,0
DA:19,0
DA:20,0
DA:22,0
DA:23,0
DA:24,0
DA:33,0
DA:35,0
DA:36,0
DA:37,0
DA:44,0
DA:46,0
DA:47,0
DA:48,0
LF:18
LH:0
end_of_record
SF:lib/app/features/category/data/repository/category_api_repository.dart
DA:8,0
DA:10,0
DA:11,0
DA:13,0
LF:4
LH:0
end_of_record
SF:lib/app/features/category/data/repository/category_db_repository.dart
DA:9,0
DA:11,0
DA:12,0
DA:13,0
DA:14,0
DA:15,0
DA:17,0
DA:20,0
DA:22,0
DA:23,0
DA:24,0
DA:26,0
DA:30,0
DA:31,0
LF:14
LH:0
end_of_record
SF:lib/app/features/category/service/category_service.dart
DA:13,0
DA:15,0
DA:17,0
DA:18,0
DA:19,0
DA:20,0
DA:21,0
DA:22,0
DA:31,0
DA:32,0
LF:10
LH:0
end_of_record
SF:lib/app/features/favorite/data/repository/favorite_api_repository.dart
DA:8,0
DA:10,0
DA:11,0
DA:13,0
DA:17,0
DA:18,0
DA:19,0
DA:20,0
DA:24,0
DA:26,0
DA:27,0
DA:28,0
LF:12
LH:0
end_of_record
SF:lib/app/features/favorite/data/repository/favorite_db_repository.dart
DA:9,0
DA:11,0
DA:12,0
DA:13,0
DA:16,0
DA:17,0
DA:18,0
DA:20,0
DA:24,0
DA:27,0
DA:29,0
DA:30,0
DA:31,0
DA:33,0
DA:37,0
DA:38,0
DA:40,0
DA:41,0
LF:18
LH:0
end_of_record
SF:lib/app/features/favorite/service/favorite_service.dart
DA:13,0
DA:15,0
DA:17,0
DA:18,0
DA:19,0
DA:20,0
DA:21,0
DA:23,0
DA:24,0
DA:25,0
DA:34,0
DA:36,0
DA:37,0
DA:38,0
DA:46,0
DA:48,0
DA:49,0
DA:50,0
LF:18
LH:0
end_of_record
SF:lib/app/features/home/data/repository/slider_api_repository.dart
DA:10,0
DA:12,0
DA:14,0
DA:16,0
LF:4
LH:0
end_of_record
SF:lib/app/features/home/data/repository/slider_db_repository.dart
DA:9,0
DA:11,0
DA:12,0
DA:13,0
DA:14,0
DA:15,0
DA:17,0
DA:20,0
DA:22,0
DA:23,0
DA:24,0
DA:26,0
DA:30,0
DA:31,0
LF:14
LH:0
end_of_record
SF:lib/app/features/home/services/slider_service.dart
DA:9,0
DA:11,0
DA:13,0
DA:14,0
DA:15,0
DA:16,0
DA:17,0
DA:18,0
LF:8
LH:0
end_of_record
SF:lib/app/features/product/data/repository/product_api_repository.dart
DA:10,0
DA:12,0
DA:14,0
DA:15,0
DA:16,0
DA:23,0
DA:25,0
DA:26,0
DA:27,0
DA:34,0
DA:36,0
DA:37,0
DA:38,0
DA:45,0
DA:47,0
DA:48,0
DA:49,0
DA:51,0
LF:18
LH:0
end_of_record
SF:lib/app/features/product/data/repository/product_db_repository.dart
DA:10,0
DA:12,0
DA:13,0
DA:15,0
DA:16,0
DA:17,0
DA:19,0
DA:22,0
DA:23,0
DA:25,0
DA:26,0
DA:27,0
DA:29,0
DA:32,0
DA:33,0
DA:34,0
DA:35,0
DA:36,0
DA:38,0
DA:41,0
DA:42,0
DA:43,0
DA:44,0
DA:45,0
DA:47,0
DA:50,0
DA:52,0
DA:53,0
DA:54,0
DA:56,0
DA:60,0
DA:61,0
DA:64,0
DA:65,0
DA:68,0
DA:69,0
DA:70,0
DA:71,0
DA:72,0
DA:73,0
DA:74,0
DA:79,0
DA:81,0
DA:82,0
DA:83,0
DA:85,0
DA:89,0
DA:90,0
DA:93,0
DA:94,0
LF:50
LH:0
end_of_record
SF:lib/app/features/product/service/product_service.dart
DA:12,0
DA:14,0
DA:16,0
DA:22,0
DA:24,0
DA:25,0
DA:26,0
DA:27,0
DA:28,0
DA:29,0
DA:30,0
DA:39,0
DA:41,0
DA:42,0
DA:43,0
DA:44,0
DA:46,0
DA:47,0
DA:48,0
DA:57,0
DA:59,0
DA:61,0
DA:62,0
LF:23
LH:0
end_of_record
SF:lib/app/utils/network/api_client.dart
DA:14,0
DA:21,0
DA:23,0
DA:25,0
DA:28,0
DA:30,0
DA:31,0
DA:32,0
DA:33,0
DA:34,0
DA:35,0
DA:36,0
DA:37,0
DA:38,0
DA:39,0
DA:41,0
DA:47,0
DA:55,0
DA:57,0
DA:60,0
DA:63,0
DA:65,0
DA:66,0
DA:67,0
DA:68,0
DA:69,0
DA:70,0
DA:71,0
DA:73,0
LF:29
LH:0
end_of_record
SF:lib/app/utils/constants/api_constants.dart
DA:2,0
DA:9,0
DA:11,0
DA:23,0
DA:25,0
DA:27,0
DA:29,0
DA:34,0
DA:36,0
DA:43,0
DA:57,0
LF:11
LH:0
end_of_record
SF:lib/app/utils/secure_storage/secure_storage_key.dart
DA:4,0
LF:1
LH:0
end_of_record
SF:lib/app/utils/secure_storage/secure_storage.dart
DA:9,0
DA:11,0
DA:13,0
DA:16,0
DA:18,0
DA:21,0
DA:27,0
DA:29,0
DA:32,0
DA:38,0
DA:40,0
DA:43,0
DA:48,0
DA:50,0
DA:53,0
LF:15
LH:0
end_of_record
SF:lib/app/utils/constants/app_strings.dart
DA:2,0
LF:1
LH:0
end_of_record
SF:lib/app/utils/helper/functions.dart
DA:7,0
DA:8,0
DA:10,0
DA:14,0
DA:23,0
DA:24,0
DA:27,0
DA:50,0
DA:51,0
DA:52,0
DA:54,0
DA:56,0
DA:58,0
DA:60,0
DA:62,0
DA:64,0
DA:66,0
DA:68,0
DA:70,0
LF:19
LH:0
end_of_record
SF:lib/app/features/auth/ui/screens/otp_verification_screen.dart
DA:7,0
DA:9,0
DA:11,0
DA:12,0
DA:13,0
DA:15,0
DA:18,0
DA:24,0
DA:25,0
DA:26,0
LF:10
LH:0
end_of_record
SF:lib/app/features/auth/ui/screens/sign_in_screen.dart
DA:7,1
DA:9,0
DA:11,0
DA:12,0
DA:14,0
DA:17,0
DA:23,0
DA:24,0
LF:8
LH:1
end_of_record
SF:lib/app/features/auth/ui/screens/splash_screen.dart
DA:10,1
DA:14,0
DA:16,0
DA:17,0
DA:18,0
DA:20,0
DA:21,0
DA:22,0
DA:33,0
DA:34,0
DA:35,0
DA:37,0
DA:38,0
DA:39,0
DA:40,0
DA:41,0
DA:42,0
DA:43,0
DA:45,0
DA:51,0
LF:20
LH:1
end_of_record
SF:lib/app/features/auth/ui/widgets/app_logo.dart
DA:7,2
DA:16,0
DA:18,0
DA:20,0
DA:21,0
LF:5
LH:1
end_of_record
SF:lib/app/utils/constants/image_path.dart
DA:2,0
LF:1
LH:0
end_of_record
SF:lib/app/features/auth/ui/widgets/email_verification_button.dart
DA:10,0
DA:14,0
DA:16,0
DA:17,0
DA:18,0
DA:19,0
DA:21,0
DA:22,0
DA:25,0
DA:26,0
DA:27,0
DA:28,0
DA:30,0
DA:31,0
LF:14
LH:0
end_of_record
SF:lib/app/utils/helper/snack_bar.dart
DA:5,0
DA:6,0
DA:7,0
DA:13,0
DA:17,0
DA:20,0
DA:21,0
DA:27,0
DA:31,0
DA:34,0
DA:35,0
DA:41,0
DA:45,0
LF:13
LH:0
end_of_record
SF:lib/app/features/auth/ui/widgets/form_footer.dart
DA:7,0
DA:18,0
DA:20,0
DA:21,0
DA:22,0
DA:23,0
DA:24,0
DA:25,0
DA:26,0
DA:27,0
DA:28,0
DA:29,0
DA:30,0
LF:13
LH:0
end_of_record
SF:lib/app/utils/constants/app_colors.dart
DA:4,0
LF:1
LH:0
end_of_record
SF:lib/app/features/auth/ui/widgets/form_header.dart
DA:4,2
DA:13,0
DA:15,0
DA:16,0
DA:18,0
DA:19,0
DA:20,0
DA:21,0
DA:26,0
DA:27,0
DA:28,0
LF:11
LH:1
end_of_record
SF:lib/app/features/auth/ui/widgets/input_email_text_field.dart
DA:8,0
DA:10,0
DA:12,0
DA:13,0
DA:14,0
DA:15,0
DA:18,0
DA:19,0
LF:8
LH:0
end_of_record
SF:lib/app/features/auth/ui/widgets/input_pin_form.dart
DA:12,0
DA:14,0
DA:16,0
DA:17,0
DA:18,0
DA:19,0
DA:20,0
DA:29,0
DA:30,0
DA:31,0
DA:33,0
DA:34,0
DA:36,0
DA:37,0
DA:39,0
DA:40,0
LF:16
LH:0
end_of_record
SF:lib/app/theme/custom/pin_theme.dart
DA:5,0
DA:7,0
DA:8,0
DA:15,0
DA:17,0
LF:5
LH:0
end_of_record
SF:lib/app/features/auth/ui/widgets/otp_verification_button.dart
DA:9,0
DA:13,0
DA:14,0
DA:18,0
DA:20,0
DA:21,0
DA:22,0
DA:23,0
DA:25,0
DA:26,0
DA:29,0
DA:30,0
DA:31,0
DA:32,0
DA:34,0
DA:35,0
LF:16
LH:0
end_of_record
SF:lib/app/features/auth/ui/widgets/resend_otp_section.dart
DA:10,0
DA:12,0
DA:14,0
DA:15,0
DA:16,0
DA:17,0
DA:22,0
DA:23,0
DA:26,0
DA:30,0
DA:31,0
DA:32,0
DA:33,0
DA:34,0
DA:35,0
DA:36,0
DA:39,0
DA:40,0
DA:41,0
DA:51,0
DA:52,0
DA:53,0
DA:54,0
DA:55,0
DA:58,0
DA:62,0
DA:64,0
DA:65,0
DA:68,0
LF:29
LH:0
end_of_record
SF:lib/app/features/cart/data/model/cart_model.dart
DA:14,0
DA:23,0
DA:24,0
DA:25,0
DA:26,0
DA:27,0
DA:28,0
DA:29,0
DA:32,0
DA:33,0
DA:34,0
DA:35,0
DA:36,0
DA:37,0
DA:41,0
DA:43,0
DA:46,0
DA:47,0
DA:48,0
DA:49,0
DA:50,0
DA:51,0
DA:52,0
DA:53,0
DA:58,0
DA:59,0
DA:60,0
DA:61,0
DA:62,0
DA:63,0
DA:64,0
LF:31
LH:0
end_of_record
SF:lib/app/features/product/data/model/product_model.dart
DA:19,0
DA:34,0
DA:35,0
DA:36,0
DA:37,0
DA:38,0
DA:39,0
DA:40,0
DA:41,0
DA:42,0
DA:43,0
DA:44,0
DA:45,0
DA:46,0
DA:50,0
DA:51,0
DA:52,0
DA:53,0
DA:54,0
DA:55,0
DA:56,0
DA:57,0
DA:58,0
DA:59,0
DA:60,0
DA:61,0
DA:62,0
DA:63,0
DA:68,0
DA:69,0
DA:70,0
DA:71,0
DA:72,0
DA:73,0
DA:74,0
DA:75,0
DA:76,0
DA:77,0
DA:78,0
DA:79,0
DA:80,0
DA:81,0
LF:42
LH:0
end_of_record
SF:lib/app/features/cart/ui/bloc/cart_state.dart
DA:13,0
DA:22,0
DA:30,0
DA:31,0
DA:32,0
DA:33,0
DA:34,0
DA:35,0
DA:36,0
DA:40,0
DA:41,0
LF:11
LH:0
end_of_record
SF:lib/app/features/cart/ui/bloc/cart_event.dart
DA:4,0
DA:6,0
DA:7,0
DA:15,0
DA:19,0
DA:20,0
DA:26,0
DA:30,0
DA:31,0
DA:41,0
DA:49,0
DA:50,0
DA:55,0
DA:59,0
DA:60,0
LF:15
LH:0
end_of_record
SF:lib/app/features/cart/ui/bloc/cart_bloc.dart
DA:15,0
DA:16,0
DA:18,0
DA:19,0
DA:20,0
DA:21,0
DA:24,0
DA:25,0
DA:27,0
DA:28,0
DA:29,0
DA:30,0
DA:33,0
DA:35,0
DA:36,0
DA:40,0
DA:44,0
DA:45,0
DA:46,0
DA:47,0
DA:49,0
DA:53,0
DA:54,0
DA:55,0
DA:56,0
DA:57,0
DA:58,0
DA:60,0
DA:65,0
DA:66,0
DA:68,0
DA:69,0
DA:70,0
DA:71,0
DA:75,0
DA:76,0
DA:77,0
DA:78,0
DA:79,0
DA:80,0
DA:83,0
DA:84,0
DA:85,0
DA:87,0
DA:89,0
DA:92,0
DA:96,0
DA:97,0
DA:99,0
DA:100,0
DA:101,0
DA:102,0
DA:105,0
DA:107,0
DA:108,0
DA:112,0
DA:117,0
DA:118,0
LF:58
LH:0
end_of_record
SF:lib/app/features/product/data/model/product_details_model.dart
DA:13,0
DA:21,0
DA:22,0
DA:23,0
DA:24,0
DA:25,0
DA:26,0
DA:30,0
DA:31,0
DA:32,0
DA:33,0
DA:34,0
DA:35,0
DA:36,0
DA:41,0
DA:42,0
DA:43,0
DA:44,0
DA:45,0
DA:46,0
DA:47,0
LF:21
LH:0
end_of_record
SF:lib/app/features/cart/ui/screens/cart_list_screen.dart
DA:10,1
DA:12,0
DA:14,0
DA:15,0
DA:16,0
DA:20,0
DA:21,0
DA:25,0
DA:26,0
DA:29,0
DA:30,0
DA:31,0
DA:34,0
DA:35,0
DA:37,0
DA:38,0
DA:39,0
DA:44,0
DA:45,0
DA:46,0
DA:47,0
DA:48,0
DA:50,0
DA:51,0
DA:52,0
DA:53,0
DA:58,0
DA:62,0
LF:28
LH:1
end_of_record
SF:lib/app/features/cart/ui/widgets/checkout_button.dart
DA:7,1
DA:9,0
DA:12,0
DA:13,0
DA:14,0
DA:16,0
DA:21,0
DA:23,0
DA:25,0
DA:26,0
DA:27,0
DA:29,0
DA:31,0
DA:32,0
DA:33,0
DA:34,0
DA:35,0
DA:40,0
DA:42,0
LF:19
LH:1
end_of_record
SF:lib/app/features/cart/ui/widgets/product_cart_item.dart
DA:12,0
DA:19,0
DA:21,0
DA:22,0
DA:23,0
DA:25,0
DA:27,0
DA:28,0
DA:29,0
DA:31,0
DA:33,0
DA:34,0
DA:36,0
DA:38,0
DA:39,0
DA:41,0
DA:42,0
DA:43,0
DA:44,0
DA:47,0
DA:50,0
DA:53,0
DA:55,0
DA:56,0
DA:57,0
DA:60,0
DA:62,0
DA:63,0
DA:64,0
DA:65,0
DA:66,0
DA:67,0
DA:71,0
DA:84,0
DA:85,0
DA:86,0
DA:88,0
DA:90,0
DA:91,0
DA:95,0
DA:96,0
DA:97,0
DA:98,0
DA:99,0
DA:109,0
DA:110,0
DA:111,0
DA:112,0
DA:116,0
DA:117,0
LF:50
LH:0
end_of_record
SF:lib/app/features/common/widgets/custom_network_image.dart
DA:7,0
DA:22,0
DA:24,0
DA:25,0
DA:26,0
DA:27,0
DA:28,0
DA:30,0
DA:31,0
LF:9
LH:0
end_of_record
SF:lib/app/features/common/widgets/quantity_update_button.dart
DA:8,0
DA:13,0
DA:15,0
DA:16,0
DA:17,0
DA:18,0
DA:19,0
DA:20,0
DA:21,0
DA:23,0
DA:24,0
DA:27,0
DA:29,0
DA:30,0
DA:31,0
DA:34,0
DA:36,0
DA:37,0
DA:46,0
DA:47,0
DA:49,0
DA:51,0
DA:52,0
LF:23
LH:0
end_of_record
SF:lib/app/utils/helper/dialog_box.dart
DA:3,0
DA:10,0
DA:12,0
DA:13,0
DA:14,0
DA:15,0
DA:16,0
DA:17,0
DA:18,0
DA:19,0
DA:20,0
DA:24,0
DA:25,0
DA:26,0
DA:27,0
LF:15
LH:0
end_of_record
SF:lib/app/features/category/data/model/category_model.dart
DA:10,0
DA:16,0
DA:17,0
DA:18,0
DA:19,0
DA:23,0
DA:24,0
DA:25,0
DA:26,0
DA:27,0
DA:32,0
DA:33,0
DA:34,0
DA:35,0
DA:36,0
LF:15
LH:0
end_of_record
SF:lib/app/features/category/ui/bloc/category_state.dart
DA:11,0
DA:17,0
DA:23,0
DA:24,0
DA:25,0
DA:26,0
DA:27,0
DA:31,0
DA:32,0
LF:9
LH:0
end_of_record
SF:lib/app/features/category/ui/bloc/category_event.dart
DA:4,0
DA:6,0
DA:7,0
DA:15,0
DA:17,0
DA:18,0
LF:6
LH:0
end_of_record
SF:lib/app/features/category/ui/bloc/category_bloc.dart
DA:15,0
DA:16,0
DA:17,0
DA:20,0
DA:21,0
DA:23,0
DA:24,0
DA:25,0
DA:26,0
DA:27,0
DA:30,0
DA:33,0
DA:34,0
DA:36,0
DA:37,0
DA:38,0
DA:39,0
DA:40,0
DA:43,0
LF:19
LH:0
end_of_record
SF:lib/app/features/category/ui/screens/category_screen.dart
DA:10,1
DA:12,0
DA:14,0
DA:15,0
DA:16,0
DA:20,0
DA:21,0
DA:25,0
DA:26,0
DA:27,0
DA:29,0
DA:30,0
DA:31,0
DA:32,0
DA:34,0
DA:37,0
DA:38,0
DA:39,0
DA:41,0
DA:42,0
DA:43,0
DA:47,0
DA:49,0
DA:50,0
DA:52,0
DA:60,0
DA:61,0
DA:68,0
DA:72,0
DA:73,0
DA:79,0
DA:80,0
DA:81,0
DA:82,0
LF:34
LH:1
end_of_record
SF:lib/app/features/category/ui/widgets/category_item_shimmer.dart
DA:5,0
DA:7,0
DA:9,0
DA:11,0
DA:16,0
DA:18,0
LF:6
LH:0
end_of_record
SF:lib/app/features/category/ui/widgets/category_item.dart
DA:9,0
DA:13,0
DA:15,0
DA:16,0
DA:17,0
DA:20,0
DA:21,0
DA:22,0
DA:26,0
DA:28,0
DA:29,0
DA:31,0
DA:32,0
DA:33,0
DA:35,0
DA:36,0
DA:41,0
DA:42,0
LF:18
LH:0
end_of_record
SF:lib/app/features/common/widgets/shimmer_placeholder.dart
DA:11,6
DA:20,0
DA:22,0
DA:23,0
DA:24,0
DA:25,0
DA:26,0
DA:27,0
DA:28,0
DA:29,0
DA:30,0
DA:31,0
DA:32,0
LF:13
LH:1
end_of_record
SF:lib/app/features/common/bloc/main_bloc.dart
DA:9,0
DA:10,0
DA:11,0
DA:14,0
DA:15,0
DA:18,0
DA:19,0
LF:7
LH:0
end_of_record
SF:lib/app/features/common/bloc/main_state.dart
DA:10,0
DA:16,0
DA:21,0
DA:22,0
DA:23,0
DA:24,0
DA:28,0
DA:29,0
LF:8
LH:0
end_of_record
SF:lib/app/features/common/bloc/main_event.dart
DA:4,0
DA:6,0
DA:7,0
DA:13,0
DA:15,0
DA:16,0
DA:24,0
DA:26,0
DA:27,0
LF:9
LH:0
end_of_record
SF:lib/app/features/common/widgets/app_bar_icon_button.dart
DA:4,0
DA:13,0
DA:15,0
DA:16,0
DA:17,0
DA:18,0
DA:20,0
DA:21,0
LF:8
LH:0
end_of_record
SF:lib/app/features/common/widgets/main_bottom_nav_bar_screen.dart
DA:11,0
DA:22,0
DA:24,0
DA:25,0
DA:26,0
DA:27,0
DA:28,0
DA:29,0
DA:30,0
DA:31,0
DA:33,0
DA:36,0
DA:41,0
DA:42,0
DA:43,0
DA:44,0
DA:45,0
DA:47,0
DA:48,0
DA:49,0
DA:50,0
LF:21
LH:0
end_of_record
SF:lib/app/features/favorite/ui/screens/favorite_list_screen.dart
DA:9,1
DA:11,0
DA:13,0
DA:14,0
DA:15,0
DA:19,0
DA:20,0
DA:24,0
DA:25,0
DA:28,0
DA:29,0
DA:31,0
DA:33,0
DA:34,0
DA:35,0
DA:36,0
DA:38,0
DA:39,0
DA:40,0
DA:41,0
DA:42,0
DA:46,0
DA:47,0
DA:54,0
DA:55,0
DA:57,0
DA:61,0
LF:27
LH:1
end_of_record
SF:lib/app/features/home/ui/screens/home_screen.dart
DA:8,1
DA:10,0
DA:12,0
DA:14,0
DA:16,0
DA:18,0
DA:20,0
LF:7
LH:1
end_of_record
SF:lib/app/features/favorite/data/model/favorite_model.dart
DA:9,0
DA:14,0
DA:15,0
DA:16,0
DA:19,0
DA:22,0
DA:24,0
DA:27,0
DA:28,0
DA:29,0
DA:30,0
DA:35,0
DA:36,0
LF:13
LH:0
end_of_record
SF:lib/app/features/favorite/ui/bloc/favorite_state.dart
DA:10,0
DA:16,0
DA:21,0
DA:22,0
DA:23,0
DA:24,0
DA:28,0
DA:29,0
LF:8
LH:0
end_of_record
SF:lib/app/features/favorite/ui/bloc/favorite_event.dart
DA:4,0
DA:6,0
DA:7,0
DA:15,0
DA:17,0
DA:18,0
DA:23,0
DA:25,0
DA:26,0
LF:9
LH:0
end_of_record
SF:lib/app/features/favorite/ui/bloc/favorite_bloc.dart
DA:14,0
DA:15,0
DA:16,0
DA:17,0
DA:20,0
DA:21,0
DA:23,0
DA:24,0
DA:25,0
DA:26,0
DA:28,0
DA:31,0
DA:35,0
DA:36,0
DA:38,0
DA:39,0
DA:40,0
DA:41,0
DA:43,0
DA:47,0
DA:49,0
DA:51,0
DA:52,0
DA:53,0
DA:54,0
DA:56,0
LF:26
LH:0
end_of_record
SF:lib/app/features/product/ui/widgets/product_item.dart
DA:10,0
DA:17,0
DA:19,0
DA:20,0
DA:21,0
DA:23,0
DA:25,0
DA:27,0
DA:29,0
DA:30,0
DA:31,0
DA:33,0
DA:34,0
DA:39,0
DA:41,0
DA:42,0
DA:44,0
DA:45,0
DA:46,0
DA:52,0
DA:53,0
DA:59,0
DA:62,0
DA:74,0
DA:75,0
DA:76,0
DA:78,0
DA:80,0
DA:81,0
DA:85,0
DA:86,0
DA:87,0
DA:88,0
DA:89,0
LF:34
LH:0
end_of_record
SF:lib/app/features/home/data/models/slider_model.dart
DA:13,0
DA:22,0
DA:23,0
DA:24,0
DA:25,0
DA:26,0
DA:27,0
DA:28,0
DA:32,0
DA:33,0
DA:34,0
DA:35,0
DA:36,0
DA:37,0
DA:38,0
DA:39,0
DA:44,0
DA:45,0
DA:46,0
DA:47,0
DA:48,0
DA:49,0
DA:50,0
DA:51,0
LF:24
LH:0
end_of_record
SF:lib/app/features/home/ui/blocs/slider/slider_event.dart
DA:4,0
DA:6,0
DA:7,0
DA:14,0
DA:16,0
DA:17,0
LF:6
LH:0
end_of_record
SF:lib/app/features/home/ui/blocs/slider/slider_state.dart
DA:11,0
DA:18,0
DA:24,0
DA:25,0
DA:26,0
DA:27,0
DA:28,0
DA:32,0
DA:33,0
LF:9
LH:0
end_of_record
SF:lib/app/features/home/ui/blocs/slider/slider_bloc.dart
DA:14,0
DA:15,0
DA:16,0
DA:19,0
DA:20,0
DA:22,0
DA:23,0
DA:24,0
DA:26,0
DA:29,0
DA:33,0
DA:34,0
LF:12
LH:0
end_of_record
SF:lib/app/features/product/ui/widgets/new_product_list.dart
DA:13,1
DA:15,0
DA:17,0
DA:18,0
DA:19,0
DA:20,0
DA:24,0
DA:25,0
DA:26,0
DA:27,0
DA:28,0
DA:29,0
DA:30,0
DA:31,0
DA:32,0
DA:35,0
DA:36,0
DA:37,0
DA:43,0
DA:46,0
DA:47,0
DA:48,0
DA:49,0
DA:51,0
DA:52,0
DA:54,0
DA:56,0
DA:57,0
DA:59,0
DA:60,0
DA:61,0
DA:63,0
DA:66,0
LF:33
LH:1
end_of_record
SF:lib/app/features/product/ui/widgets/popular_product_list.dart
DA:13,1
DA:15,0
DA:17,0
DA:18,0
DA:19,0
DA:20,0
DA:24,0
DA:25,0
DA:26,0
DA:27,0
DA:28,0
DA:29,0
DA:30,0
DA:31,0
DA:32,0
DA:35,0
DA:36,0
DA:37,0
DA:43,0
DA:46,0
DA:47,0
DA:48,0
DA:49,0
DA:51,0
DA:52,0
DA:54,0
DA:56,0
DA:57,0
DA:59,0
DA:60,0
DA:61,0
DA:63,0
DA:66,0
LF:33
LH:1
end_of_record
SF:lib/app/features/product/ui/widgets/special_product_list.dart
DA:13,1
DA:15,0
DA:17,0
DA:18,0
DA:19,0
DA:20,0
DA:24,0
DA:25,0
DA:26,0
DA:27,0
DA:28,0
DA:29,0
DA:30,0
DA:31,0
DA:32,0
DA:35,0
DA:36,0
DA:37,0
DA:43,0
DA:46,0
DA:47,0
DA:48,0
DA:49,0
DA:51,0
DA:52,0
DA:54,0
DA:56,0
DA:57,0
DA:59,0
DA:60,0
DA:61,0
DA:63,0
DA:66,0
LF:33
LH:1
end_of_record
SF:lib/app/features/home/ui/widgets/category_row.dart
DA:12,1
DA:14,0
DA:16,0
DA:17,0
DA:18,0
DA:22,0
DA:23,0
DA:24,0
DA:25,0
DA:27,0
DA:28,0
DA:30,0
DA:33,0
DA:34,0
DA:35,0
DA:36,0
DA:38,0
DA:40,0
DA:41,0
DA:42,0
DA:43,0
DA:44,0
DA:45,0
DA:47,0
DA:50,0
LF:25
LH:1
end_of_record
SF:lib/app/features/home/ui/widgets/home_screen_slider.dart
DA:14,1
DA:16,0
DA:18,0
DA:19,0
DA:20,0
DA:24,0
DA:25,0
DA:26,0
DA:27,0
DA:28,0
DA:29,0
DA:31,0
DA:32,0
DA:33,0
DA:36,0
DA:41,0
DA:42,0
DA:44,0
DA:49,0
DA:52,0
DA:53,0
DA:54,0
DA:64,0
DA:65,0
DA:67,0
DA:68,0
DA:69,0
DA:70,0
DA:71,0
DA:75,0
DA:76,0
DA:79,0
DA:81,0
DA:82,0
DA:83,0
DA:86,0
DA:90,0
DA:91,0
DA:92,0
DA:94,0
DA:95,0
DA:96,0
DA:100,0
DA:102,0
DA:103,0
LF:45
LH:1
end_of_record
SF:lib/app/features/home/ui/widgets/slider_item.dart
DA:8,0
DA:15,0
DA:17,0
DA:18,0
DA:19,0
DA:20,0
DA:21,0
DA:24,0
DA:25,0
DA:26,0
DA:31,0
DA:34,0
DA:35,0
DA:37,0
DA:38,0
DA:41,0
DA:44,0
DA:46,0
DA:47,0
DA:48,0
DA:50,0
DA:57,0
DA:58,0
LF:23
LH:0
end_of_record
SF:lib/app/features/home/ui/widgets/my_app_bar.dart
DA:8,1
DA:12,0
DA:14,0
DA:16,0
DA:17,0
DA:18,0
DA:20,0
DA:23,0
DA:25,0
DA:28,0
DA:30,0
DA:38,0
LF:12
LH:1
end_of_record
SF:lib/app/features/home/ui/widgets/product_search_bar.dart
DA:5,0
DA:8,0
DA:10,0
DA:12,0
DA:18,0
LF:5
LH:0
end_of_record
SF:lib/app/features/home/ui/widgets/section_header.dart
DA:4,0
DA:13,0
DA:15,0
DA:17,0
DA:19,0
DA:20,0
DA:21,0
DA:22,0
DA:24,0
LF:9
LH:0
end_of_record
SF:lib/app/utils/constants/enums.dart
DA:8,0
DA:10,0
DA:12,0
DA:14,0
LF:4
LH:0
end_of_record
SF:lib/app/features/product/ui/blocs/new_product_bloc/new_product_state.dart
DA:10,0
DA:15,0
DA:20,0
DA:21,0
DA:22,0
DA:23,0
DA:27,0
DA:28,0
LF:8
LH:0
end_of_record
SF:lib/app/features/product/ui/blocs/new_product_bloc/new_product_bloc.dart
DA:14,0
DA:15,0
DA:18,0
DA:20,0
DA:23,0
DA:24,0
DA:25,0
DA:27,0
DA:30,0
LF:9
LH:0
end_of_record
SF:lib/app/features/product/ui/blocs/popular_product_bloc/popular_product_state.dart
DA:10,0
DA:15,0
DA:20,0
DA:21,0
DA:22,0
DA:23,0
DA:27,0
DA:28,0
LF:8
LH:0
end_of_record
SF:lib/app/features/product/ui/blocs/popular_product_bloc/popular_product_bloc.dart
DA:15,0
DA:16,0
DA:19,0
DA:21,0
DA:23,0
DA:25,0
DA:26,0
DA:28,0
DA:31,0
LF:9
LH:0
end_of_record
SF:lib/app/features/product/ui/blocs/product_details_bloc/product_details_event.dart
DA:4,0
DA:6,0
DA:7,0
DA:13,0
DA:15,0
DA:16,0
DA:22,0
DA:24,0
DA:25,0
DA:31,0
DA:33,0
DA:34,0
LF:12
LH:0
end_of_record
SF:lib/app/features/product/ui/blocs/product_details_bloc/product_details_state.dart
DA:13,0
DA:21,0
DA:28,0
DA:29,0
DA:30,0
DA:31,0
DA:32,0
DA:33,0
DA:37,0
DA:38,0
LF:10
LH:0
end_of_record
SF:lib/app/features/product/ui/blocs/product_details_bloc/product_details_bloc.dart
DA:13,0
DA:14,0
DA:15,0
DA:16,0
DA:19,0
DA:20,0
DA:22,0
DA:24,0
DA:26,0
DA:30,0
DA:31,0
DA:34,0
DA:35,0
LF:13
LH:0
end_of_record
SF:lib/app/features/product/ui/blocs/special_product_bloc/special_product_bloc.dart
DA:14,0
DA:15,0
DA:18,0
DA:19,0
DA:21,0
DA:23,0
DA:24,0
DA:26,0
DA:29,0
LF:9
LH:0
end_of_record
SF:lib/app/features/product/ui/blocs/special_product_bloc/special_product_state.dart
DA:10,0
DA:15,0
DA:20,0
DA:21,0
DA:22,0
DA:23,0
DA:27,0
DA:28,0
LF:8
LH:0
end_of_record
SF:lib/app/features/product/ui/screens/product_details_screen.dart
DA:17,0
DA:21,0
DA:23,0
DA:24,0
DA:25,0
DA:26,0
DA:27,0
DA:29,0
DA:30,0
DA:33,0
DA:37,0
DA:38,0
DA:39,0
DA:43,0
DA:44,0
DA:45,0
DA:46,0
DA:47,0
DA:50,0
DA:51,0
DA:52,0
DA:53,0
DA:54,0
DA:55,0
DA:56,0
DA:57,0
DA:58,0
DA:63,0
DA:69,0
DA:70,0
DA:71,0
LF:31
LH:0
end_of_record
SF:lib/app/features/product/ui/widgets/add_to_cart_button.dart
DA:9,0
DA:20,0
DA:22,0
DA:23,0
DA:25,0
DA:30,0
DA:32,0
DA:34,0
DA:35,0
DA:36,0
DA:37,0
DA:38,0
DA:39,0
DA:40,0
DA:41,0
DA:42,0
DA:47,0
DA:49,0
DA:50,0
DA:51,0
DA:53,0
DA:54,0
DA:55,0
DA:57,0
DA:58,0
DA:61,0
DA:62,0
DA:63,0
DA:64,0
DA:65,0
DA:66,0
DA:67,0
DA:68,0
DA:69,0
DA:70,0
DA:71,0
DA:75,0
LF:37
LH:0
end_of_record
SF:lib/app/features/product/ui/widgets/color_picker.dart
DA:8,0
DA:12,0
DA:14,0
DA:15,0
DA:17,0
DA:19,0
DA:20,0
DA:22,0
DA:25,0
DA:26,0
DA:27,0
DA:28,0
DA:30,0
DA:38,0
DA:39,0
DA:41,0
DA:42,0
DA:48,0
DA:49,0
DA:50,0
DA:51,0
DA:52,0
DA:53,0
DA:54,0
DA:56,0
DA:58,0
DA:61,0
DA:62,0
DA:64,0
DA:69,0
DA:71,0
DA:75,0
DA:77,0
LF:33
LH:0
end_of_record
SF:lib/app/features/product/ui/widgets/product_description.dart
DA:9,0
DA:13,0
DA:15,0
DA:16,0
DA:18,0
DA:20,0
DA:21,0
DA:23,0
DA:26,0
DA:27,0
DA:28,0
DA:29,0
DA:30,0
DA:34,0
DA:37,0
DA:39,0
DA:41,0
LF:17
LH:0
end_of_record
SF:lib/app/features/product/ui/widgets/product_image_slider.dart
DA:11,0
DA:13,0
DA:14,0
DA:20,0
DA:22,0
DA:23,0
DA:24,0
DA:26,0
DA:28,0
DA:31,0
DA:32,0
DA:33,0
DA:34,0
DA:38,0
DA:39,0
DA:42,0
DA:43,0
DA:44,0
DA:45,0
DA:52,0
DA:54,0
DA:56,0
DA:63,0
DA:65,0
DA:69,0
DA:70,0
DA:71,0
DA:72,0
DA:75,0
DA:77,0
DA:78,0
DA:79,0
DA:82,0
DA:83,0
DA:84,0
DA:85,0
LF:36
LH:0
end_of_record
SF:lib/app/features/product/ui/widgets/product_summary.dart
DA:7,0
DA:14,0
DA:16,0
DA:17,0
DA:19,0
DA:21,0
DA:22,0
DA:25,0
DA:26,0
DA:27,0
DA:29,0
DA:32,0
LF:12
LH:0
end_of_record
SF:lib/app/features/product/ui/widgets/size_picker.dart
DA:8,0
DA:15,0
DA:17,0
DA:18,0
DA:20,0
DA:22,0
DA:23,0
DA:25,0
DA:28,0
DA:29,0
DA:30,0
DA:31,0
DA:33,0
DA:41,0
DA:42,0
DA:44,0
DA:45,0
DA:51,0
DA:52,0
DA:53,0
DA:54,0
DA:56,0
DA:57,0
DA:59,0
DA:62,0
DA:63,0
DA:65,0
DA:70,0
DA:72,0
DA:75,0
DA:76,0
DA:78,0
LF:32
LH:0
end_of_record
SF:lib/app/features/product/ui/screens/product_list_screen.dart
DA:10,0
DA:21,0
DA:23,0
DA:24,0
DA:25,0
DA:29,0
DA:30,0
DA:31,0
DA:33,0
DA:34,0
DA:35,0
DA:37,0
DA:38,0
DA:39,0
DA:40,0
DA:41,0
DA:43,0
DA:44,0
DA:45,0
DA:46,0
DA:47,0
DA:49,0
DA:50,0
DA:54,0
DA:57,0
DA:58,0
DA:60,0
DA:67,0
DA:68,0
DA:75,0
DA:76,0
DA:78,0
DA:79,0
DA:80,0
LF:34
LH:0
end_of_record
SF:lib/app/features/product/ui/screens/product_review_screen.dart
DA:7,1
DA:9,0
DA:10,0
DA:14,0
DA:16,0
DA:17,0
DA:20,0
DA:21,0
DA:22,0
DA:23,0
DA:25,0
DA:27,0
LF:12
LH:1
end_of_record
SF:lib/app/features/product/ui/widgets/create_new_review_section.dart
DA:5,1
DA:7,0
DA:8,0
DA:12,0
DA:14,0
DA:15,0
DA:17,0
DA:22,0
DA:24,0
DA:26,0
DA:27,0
DA:29,0
DA:31,0
DA:35,0
DA:43,0
DA:44,0
DA:49,0
DA:50,0
DA:51,0
DA:53,0
DA:55,0
DA:58,0
DA:60,0
DA:62,0
DA:64,0
DA:68,0
DA:72,0
DA:77,0
LF:28
LH:1
end_of_record
SF:lib/app/features/product/ui/widgets/review_item.dart
DA:4,1
DA:9,0
DA:11,0
DA:12,0
DA:14,0
DA:16,0
DA:19,0
DA:20,0
DA:22,0
DA:23,0
DA:24,0
DA:31,0
DA:33,0
DA:37,0
DA:39,0
LF:15
LH:1
end_of_record
SF:lib/app/features/product/ui/widgets/favorite_button.dart
DA:7,0
DA:11,0
DA:13,0
DA:14,0
DA:15,0
DA:19,0
DA:20,0
DA:21,0
DA:22,0
DA:23,0
DA:24,0
DA:25,0
DA:28,0
DA:30,0
DA:33,0
DA:34,0
DA:36,0
DA:37,0
DA:38,0
DA:39,0
DA:43,0
DA:44,0
DA:45,0
DA:47,0
LF:24
LH:0
end_of_record
SF:lib/app/features/product/ui/widgets/product_item_shimmer.dart
DA:6,3
DA:10,0
DA:12,0
DA:14,0
DA:16,0
DA:18,0
DA:24,0
DA:26,0
DA:28,0
DA:30,0
DA:33,0
DA:34,0
DA:35,0
DA:37,0
DA:40,0
DA:43,0
DA:45,0
DA:48,0
LF:18
LH:1
end_of_record
SF:lib/app/features/product/ui/widgets/rating_review_and_favorite.dart
DA:8,0
DA:12,0
DA:14,0
DA:17,0
DA:18,0
DA:19,0
DA:25,0
DA:28,0
DA:29,0
DA:30,0
DA:33,0
LF:11
LH:0
end_of_record
SF:lib/app/theme/custom/elevated_button_theme.dart
DA:6,0
DA:8,0
DA:9,0
DA:10,0
DA:14,0
DA:15,0
LF:6
LH:0
end_of_record
SF:lib/app/theme/custom/input_decoration_theme.dart
DA:6,0
DA:8,0
DA:9,0
DA:18,0
DA:20,0
LF:5
LH:0
end_of_record
SF:lib/app/theme/custom/text_button_theme.dart
DA:6,0
DA:8,0
DA:9,0
DA:10,0
LF:4
LH:0
end_of_record
SF:lib/app/utils/logger/app_logger.dart
DA:6,0
DA:8,0
DA:12,0
DA:14,0
DA:16,0
DA:17,0
DA:19,0
DA:20,0
DA:22,0
DA:23,0
DA:25,0
DA:26,0
DA:29,0
LF:13
LH:0
end_of_record
SF:lib/app/utils/network/api_base.dart
DA:13,0
DA:14,0
DA:15,0
DA:18,0
DA:19,0
DA:25,0
DA:26,0
DA:28,0
DA:49,0
DA:50,0
DA:51,0
DA:52,0
DA:54,0
DA:58,0
DA:59,0
DA:61,0
DA:62,0
DA:63,0
DA:64,0
DA:65,0
DA:66,0
DA:67,0
DA:68,0
DA:69,0
DA:70,0
DA:71,0
DA:72,0
DA:74,0
LF:28
LH:0
end_of_record
SF:lib/app/utils/network/app_exceptions.dart
DA:5,0
DA:7,0
DA:9,0
DA:16,0
DA:17,0
DA:21,0
DA:22,0
DA:26,0
DA:27,0
DA:31,0
DA:32,0
DA:36,0
LF:12
LH:0
end_of_record
SF:lib/app/utils/network/response/api_response.dart
DA:5,0
DA:11,0
DA:12,0
DA:13,0
DA:14,0
LF:5
LH:0
end_of_record
